[debug] [2026-05-19T07:21:08.253Z] ----------------------------------------------------------------------
[debug] [2026-05-19T07:21:08.257Z] Command:       /Users/yaronjackoby/.nvm/versions/node/v20.19.0/bin/node /Users/yaronjackoby/.nvm/versions/node/v20.19.0/bin/firebase deploy --only firestore:rules
[debug] [2026-05-19T07:21:08.258Z] CLI Version:   15.18.0
[debug] [2026-05-19T07:21:08.258Z] Platform:      darwin
[debug] [2026-05-19T07:21:08.258Z] Node Version:  v20.19.0
[debug] [2026-05-19T07:21:08.258Z] Time:          Tue May 19 2026 10:21:08 GMT+0300 (Israel Daylight Time)
[debug] [2026-05-19T07:21:08.258Z] ----------------------------------------------------------------------
[debug] 
[debug] [2026-05-19T07:21:09.186Z] > command requires scopes: ["email","openid","https://www.googleapis.com/auth/cloudplatformprojects.readonly","https://www.googleapis.com/auth/firebase","https://www.googleapis.com/auth/cloud-platform"]
[debug] [2026-05-19T07:21:09.186Z] > authorizing via signed-in user (yaronj3@gmail.com)
[debug] [2026-05-19T07:21:09.186Z] [iam] checking project teacher-in-a-moment for permissions ["datastore.indexes.create","datastore.indexes.delete","datastore.indexes.list","datastore.indexes.update","firebase.projects.get"]
[debug] [2026-05-19T07:21:09.187Z] Checked if tokens are valid: false, expires at: 1779121271402
[debug] [2026-05-19T07:21:09.187Z] Checked if tokens are valid: false, expires at: 1779121271402
[debug] [2026-05-19T07:21:09.187Z] > refreshing access token with scopes: []
[debug] [2026-05-19T07:21:09.189Z] >>> [apiv2][query] POST https://www.googleapis.com/oauth2/v3/token [none]
[debug] [2026-05-19T07:21:09.189Z] >>> [apiv2][body] POST https://www.googleapis.com/oauth2/v3/token [omitted]
[debug] [2026-05-19T07:21:09.612Z] <<< [apiv2][status] POST https://www.googleapis.com/oauth2/v3/token 200
[debug] [2026-05-19T07:21:09.613Z] <<< [apiv2][body] POST https://www.googleapis.com/oauth2/v3/token [omitted]
[debug] [2026-05-19T07:21:09.636Z] >>> [apiv2][query] POST https://cloudresourcemanager.googleapis.com/v1/projects/teacher-in-a-moment:testIamPermissions [none]
[debug] [2026-05-19T07:21:09.636Z] >>> [apiv2][(partial)header] POST https://cloudresourcemanager.googleapis.com/v1/projects/teacher-in-a-moment:testIamPermissions  x-goog-user-project=teacher-in-a-moment
[debug] [2026-05-19T07:21:09.636Z] >>> [apiv2][body] POST https://cloudresourcemanager.googleapis.com/v1/projects/teacher-in-a-moment:testIamPermissions {"permissions":["datastore.indexes.create","datastore.indexes.delete","datastore.indexes.list","datastore.indexes.update","firebase.projects.get"]}
[debug] [2026-05-19T07:21:11.026Z] <<< [apiv2][status] POST https://cloudresourcemanager.googleapis.com/v1/projects/teacher-in-a-moment:testIamPermissions 200
[debug] [2026-05-19T07:21:11.026Z] <<< [apiv2][body] POST https://cloudresourcemanager.googleapis.com/v1/projects/teacher-in-a-moment:testIamPermissions {"permissions":["datastore.indexes.create","datastore.indexes.delete","datastore.indexes.list","datastore.indexes.update","firebase.projects.get"]}
[info] 
[info] === Deploying to 'teacher-in-a-moment'...
[info] 
[info] i  deploying firestore 
[info] i  firestore: ensuring required API firestore.googleapis.com is enabled... 
[info] i  firestore: ensuring required API firestore.googleapis.com is enabled... 
[debug] [2026-05-19T07:21:11.028Z] Checked if tokens are valid: true, expires at: 1779178868613
[debug] [2026-05-19T07:21:11.028Z] Checked if tokens are valid: true, expires at: 1779178868613
[debug] [2026-05-19T07:21:11.028Z] >>> [apiv2][query] GET https://firestore.googleapis.com/v1/projects/teacher-in-a-moment/databases/(default) [none]
[debug] [2026-05-19T07:21:11.518Z] <<< [apiv2][status] GET https://firestore.googleapis.com/v1/projects/teacher-in-a-moment/databases/(default) 200
[debug] [2026-05-19T07:21:11.518Z] <<< [apiv2][body] GET https://firestore.googleapis.com/v1/projects/teacher-in-a-moment/databases/(default) {"name":"projects/teacher-in-a-moment/databases/(default)","uid":"24c766d4-940c-443d-8931-3fead7e16b66","createTime":"2026-05-07T17:44:14.131884Z","updateTime":"2026-05-07T17:44:14.131884Z","locationId":"me-west1","type":"FIRESTORE_NATIVE","concurrencyMode":"PESSIMISTIC","versionRetentionPeriod":"3600s","earliestVersionTime":"2026-05-19T06:21:11.636657Z","appEngineIntegrationMode":"DISABLED","pointInTimeRecoveryEnablement":"POINT_IN_TIME_RECOVERY_DISABLED","deleteProtectionState":"DELETE_PROTECTION_DISABLED","databaseEdition":"STANDARD","freeTier":true,"realtimeUpdatesMode":"REALTIME_UPDATES_MODE_ENABLED","etag":"IIe4vLDoxJQDMLHWrPjup5QD"}
[info] i  cloud.firestore: checking firestore.rules for compilation errors... 
[debug] [2026-05-19T07:21:11.521Z] Checked if tokens are valid: true, expires at: 1779178868613
[debug] [2026-05-19T07:21:11.521Z] Checked if tokens are valid: true, expires at: 1779178868613
[debug] [2026-05-19T07:21:11.521Z] >>> [apiv2][query] POST https://firebaserules.googleapis.com/v1/projects/teacher-in-a-moment:test [none]
[debug] [2026-05-19T07:21:11.521Z] >>> [apiv2][body] POST https://firebaserules.googleapis.com/v1/projects/teacher-in-a-moment:test [omitted]
